<?xml version="1.0" encoding="UTF-8"?>
<!-- Generated by org.testng.reporters.JUnitReportReporter -->
<testsuite hostname="santhosh-PC" name="com.ebanking.master.BranchNG" tests="1" failures="0" timestamp="21 Aug 2018 10:17:49 GMT" time="27.418" errors="0">
  <testcase name="Br" time="27.418" classname="com.ebanking.master.BranchNG"/>
</testsuite> <!-- com.ebanking.master.BranchNG -->
