<?xml version="1.0" encoding="UTF-8"?>
<!-- Generated by org.testng.reporters.JUnitReportReporter -->
<testsuite hostname="santhosh-PC" name="com.ebanking.master.Grid" tests="2" failures="0" timestamp="21 Aug 2018 10:22:05 GMT" time="81.443" errors="0">
  <testcase name="gd" time="41.937" classname="com.ebanking.master.Grid"/>
  <testcase name="gd" time="39.506" classname="com.ebanking.master.Grid"/>
</testsuite> <!-- com.ebanking.master.Grid -->
