<?xml version="1.0" encoding="UTF-8"?>
<!-- Generated by org.testng.reporters.JUnitReportReporter -->
<testsuite hostname="santhosh-PC" name="com.ebanking.scripts.SampleNG" tests="2" failures="0" timestamp="13 Aug 2018 10:37:38 GMT" time="0.026" errors="0">
  <testcase name="pqr" time="0.007" classname="com.ebanking.scripts.SampleNG"/>
  <testcase name="xyz" time="0.019" classname="com.ebanking.scripts.SampleNG"/>
</testsuite> <!-- com.ebanking.scripts.SampleNG -->
